<?xml version="1.0" encoding="UTF-8"?>
<!-- Generated by org.testng.reporters.JUnitXMLReporter -->
<testsuite hostname="LAPTOP-N04AR20A" ignored="0" name="Default test" tests="5" failures="0" timestamp="2020-05-13T09:18:52 IST" time="53.356" errors="0">
  <testcase name="Login" time="10.47" classname="TestNGConcepts.DataProviderDemo"/>
  <testcase name="Login" time="7.954" classname="TestNGConcepts.DataProviderDemo"/>
  <testcase name="Login" time="7.989" classname="TestNGConcepts.DataProviderDemo"/>
  <testcase name="Login" time="7.93" classname="TestNGConcepts.DataProviderDemo"/>
  <testcase name="Login" time="7.879" classname="TestNGConcepts.DataProviderDemo"/>
</testsuite> <!-- Default test -->
