<?xml version="1.0" encoding="UTF-8"?>
<!-- Generated by org.testng.reporters.JUnitXMLReporter -->
<testsuite hostname="LAPTOP-N04AR20A" ignored="4" name="GroupingXML" tests="3" failures="0" timestamp="2020-05-09T08:27:28 IST" time="0.066" errors="0">
  <testcase name="test2" time="0.011" classname="TestNGConcepts.GroupsDemo"/>
  <testcase name="test4" time="0.002" classname="TestNGConcepts.GroupsDemo"/>
  <testcase name="test6" time="0.003" classname="TestNGConcepts.GroupsDemo"/>
  <testcase name="test1" time="0.0" classname="TestNGConcepts.GroupsDemo">
    <ignored/>
  </testcase> <!-- test1 -->
  <testcase name="test5" time="0.0" classname="TestNGConcepts.GroupsDemo">
    <ignored/>
  </testcase> <!-- test5 -->
  <testcase name="test3" time="0.0" classname="TestNGConcepts.GroupsDemo">
    <ignored/>
  </testcase> <!-- test3 -->
  <testcase name="test7" time="0.0" classname="TestNGConcepts.GroupsDemo">
    <ignored/>
  </testcase> <!-- test7 -->
</testsuite> <!-- GroupingXML -->
