<?xml version="1.0" encoding="UTF-8"?>
<!-- Generated by org.testng.reporters.JUnitXMLReporter -->
<testsuite hostname="LAPTOP-N04AR20A" ignored="2" name="Test" tests="3" failures="0" timestamp="2020-05-09T08:36:10 IST" time="0.065" errors="0">
  <testcase name="test3" time="0.01" classname="TestNGConcepts.GroupDemo2"/>
  <testcase name="test4" time="0.002" classname="TestNGConcepts.GroupDemo2"/>
  <testcase name="test5" time="0.001" classname="TestNGConcepts.GroupDemo2"/>
  <testcase name="test1" time="0.0" classname="TestNGConcepts.GroupDemo2">
    <ignored/>
  </testcase> <!-- test1 -->
  <testcase name="test2" time="0.0" classname="TestNGConcepts.GroupDemo2">
    <ignored/>
  </testcase> <!-- test2 -->
</testsuite> <!-- Test -->
