<?xml version="1.0" encoding="UTF-8"?>
<testng-results skipped="0" failed="0" ignored="0" total="5" passed="5">
  <reporter-output>
  </reporter-output>
  <suite name="Default suite" duration-ms="53356" started-at="2020-05-13T09:17:59 IST" finished-at="2020-05-13T09:18:52 IST">
    <groups>
    </groups>
    <test name="Default test" duration-ms="53356" started-at="2020-05-13T09:17:59 IST" finished-at="2020-05-13T09:18:52 IST">
      <class name="TestNGConcepts.DataProviderDemo">
        <test-method status="PASS" signature="SetUp()[pri:0, instance:TestNGConcepts.DataProviderDemo@7f13d6e]" name="SetUp" is-config="true" duration-ms="10168" started-at="2020-05-13T09:17:59 IST" finished-at="2020-05-13T09:18:09 IST">
          <reporter-output>
          </reporter-output>
        </test-method> <!-- SetUp -->
        <test-method status="PASS" signature="Login(java.lang.String, java.lang.String)[pri:0, instance:TestNGConcepts.DataProviderDemo@7f13d6e]" name="Login" duration-ms="10470" started-at="2020-05-13T09:18:10 IST" data-provider="LoginData" finished-at="2020-05-13T09:18:20 IST">
          <params>
            <param index="0">
              <value>
                <![CDATA[Admin]]>
              </value>
            </param>
            <param index="1">
              <value>
                <![CDATA[admin123]]>
              </value>
            </param>
          </params>
          <reporter-output>
          </reporter-output>
        </test-method> <!-- Login -->
        <test-method status="PASS" signature="Login(java.lang.String, java.lang.String)[pri:0, instance:TestNGConcepts.DataProviderDemo@7f13d6e]" name="Login" duration-ms="7954" started-at="2020-05-13T09:18:20 IST" data-provider="LoginData" finished-at="2020-05-13T09:18:28 IST">
          <params>
            <param index="0">
              <value>
                <![CDATA[Admin2]]>
              </value>
            </param>
            <param index="1">
              <value>
                <![CDATA[admin1234]]>
              </value>
            </param>
          </params>
          <reporter-output>
          </reporter-output>
        </test-method> <!-- Login -->
        <test-method status="PASS" signature="Login(java.lang.String, java.lang.String)[pri:0, instance:TestNGConcepts.DataProviderDemo@7f13d6e]" name="Login" duration-ms="7989" started-at="2020-05-13T09:18:28 IST" data-provider="LoginData" finished-at="2020-05-13T09:18:36 IST">
          <params>
            <param index="0">
              <value>
                <![CDATA[Admin3]]>
              </value>
            </param>
            <param index="1">
              <value>
                <![CDATA[admin2345]]>
              </value>
            </param>
          </params>
          <reporter-output>
          </reporter-output>
        </test-method> <!-- Login -->
        <test-method status="PASS" signature="Login(java.lang.String, java.lang.String)[pri:0, instance:TestNGConcepts.DataProviderDemo@7f13d6e]" name="Login" duration-ms="7930" started-at="2020-05-13T09:18:36 IST" data-provider="LoginData" finished-at="2020-05-13T09:18:44 IST">
          <params>
            <param index="0">
              <value>
                <![CDATA[Admin4]]>
              </value>
            </param>
            <param index="1">
              <value>
                <![CDATA[admin3456]]>
              </value>
            </param>
          </params>
          <reporter-output>
          </reporter-output>
        </test-method> <!-- Login -->
        <test-method status="PASS" signature="Login(java.lang.String, java.lang.String)[pri:0, instance:TestNGConcepts.DataProviderDemo@7f13d6e]" name="Login" duration-ms="7879" started-at="2020-05-13T09:18:44 IST" data-provider="LoginData" finished-at="2020-05-13T09:18:52 IST">
          <params>
            <param index="0">
              <value is-null="true"/>
            </param>
            <param index="1">
              <value is-null="true"/>
            </param>
          </params>
          <reporter-output>
          </reporter-output>
        </test-method> <!-- Login -->
      </class> <!-- TestNGConcepts.DataProviderDemo -->
    </test> <!-- Default test -->
  </suite> <!-- Default suite -->
</testng-results>
